15/Oct/2017 15:24:29,609- InternalLoggerFactory: Using SLF4J as the default logging framework
15/Oct/2017 15:24:29,619- ResourceLeakDetector: -Dio.netty.leakDetection.level: simple
15/Oct/2017 15:24:29,620- ResourceLeakDetector: -Dio.netty.leakDetection.maxRecords: 4
15/Oct/2017 15:24:29,657- MultithreadEventLoopGroup: -Dio.netty.eventLoopThreads: 8
15/Oct/2017 15:24:29,726- PlatformDependent: -Dio.netty.noUnsafe: false
15/Oct/2017 15:24:29,729- PlatformDependent0: java.nio.Buffer.address: available
15/Oct/2017 15:24:29,730- PlatformDependent0: sun.misc.Unsafe.theUnsafe: available
15/Oct/2017 15:24:29,732- PlatformDependent0: sun.misc.Unsafe.copyMemory: available
15/Oct/2017 15:24:29,738- PlatformDependent0: direct buffer constructor: available
15/Oct/2017 15:24:29,739- PlatformDependent0: java.nio.Bits.unaligned: available, true
15/Oct/2017 15:24:29,739- PlatformDependent0: java.nio.DirectByteBuffer.<init>(long, int): available
15/Oct/2017 15:24:29,741- Cleaner0: java.nio.ByteBuffer.cleaner(): available
15/Oct/2017 15:24:29,742- PlatformDependent: Java version: 8
15/Oct/2017 15:24:29,743- PlatformDependent: sun.misc.Unsafe: available
15/Oct/2017 15:24:29,743- PlatformDependent: -Dio.netty.noJavassist: false
15/Oct/2017 15:24:29,744- PlatformDependent: Javassist: unavailable
15/Oct/2017 15:24:29,745- PlatformDependent: You don't have Javassist in your class path or you don't have enough permission to load dynamically generated classes.  Please check the configuration for better performance.
15/Oct/2017 15:24:29,745- PlatformDependent: -Dio.netty.tmpdir: /tmp (java.io.tmpdir)
15/Oct/2017 15:24:29,746- PlatformDependent: -Dio.netty.bitMode: 64 (sun.arch.data.model)
15/Oct/2017 15:24:29,746- PlatformDependent: -Dio.netty.noPreferDirect: false
15/Oct/2017 15:24:29,746- PlatformDependent: io.netty.maxDirectMemory: 2777677824 bytes
15/Oct/2017 15:24:29,769- NioEventLoop: -Dio.netty.noKeySetOptimization: false
15/Oct/2017 15:24:29,770- NioEventLoop: -Dio.netty.selectorAutoRebuildThreshold: 512
15/Oct/2017 15:24:29,773- PlatformDependent: org.jctools-core.MpscChunkedArrayQueue: available
15/Oct/2017 15:24:29,837- DnsServerAddresses: Default DNS servers: [/127.0.1.1:53] (sun.net.dns.ResolverConfiguration)
15/Oct/2017 15:24:29,844- NetUtil: -Djava.net.preferIPv4Stack: false
15/Oct/2017 15:24:29,844- NetUtil: -Djava.net.preferIPv6Addresses: false
15/Oct/2017 15:24:29,846- NetUtil: Loopback interface: lo (lo, 0:0:0:0:0:0:0:1%lo)
15/Oct/2017 15:24:29,847- NetUtil: /proc/sys/net/core/somaxconn: 128
15/Oct/2017 15:31:34,025- InternalLoggerFactory: Using SLF4J as the default logging framework
15/Oct/2017 15:31:34,031- ResourceLeakDetector: -Dio.netty.leakDetection.level: simple
15/Oct/2017 15:31:34,031- ResourceLeakDetector: -Dio.netty.leakDetection.maxRecords: 4
15/Oct/2017 15:31:34,041- MultithreadEventLoopGroup: -Dio.netty.eventLoopThreads: 8
15/Oct/2017 15:31:34,068- PlatformDependent: -Dio.netty.noUnsafe: false
15/Oct/2017 15:31:34,071- PlatformDependent0: java.nio.Buffer.address: available
15/Oct/2017 15:31:34,072- PlatformDependent0: sun.misc.Unsafe.theUnsafe: available
15/Oct/2017 15:31:34,072- PlatformDependent0: sun.misc.Unsafe.copyMemory: available
15/Oct/2017 15:31:34,073- PlatformDependent0: direct buffer constructor: available
15/Oct/2017 15:31:34,074- PlatformDependent0: java.nio.Bits.unaligned: available, true
15/Oct/2017 15:31:34,074- PlatformDependent0: java.nio.DirectByteBuffer.<init>(long, int): available
15/Oct/2017 15:31:34,076- Cleaner0: java.nio.ByteBuffer.cleaner(): available
15/Oct/2017 15:31:34,077- PlatformDependent: Java version: 8
15/Oct/2017 15:31:34,077- PlatformDependent: sun.misc.Unsafe: available
15/Oct/2017 15:31:34,077- PlatformDependent: -Dio.netty.noJavassist: false
15/Oct/2017 15:31:34,079- PlatformDependent: Javassist: unavailable
15/Oct/2017 15:31:34,079- PlatformDependent: You don't have Javassist in your class path or you don't have enough permission to load dynamically generated classes.  Please check the configuration for better performance.
15/Oct/2017 15:31:34,079- PlatformDependent: -Dio.netty.tmpdir: /tmp (java.io.tmpdir)
15/Oct/2017 15:31:34,079- PlatformDependent: -Dio.netty.bitMode: 64 (sun.arch.data.model)
15/Oct/2017 15:31:34,080- PlatformDependent: -Dio.netty.noPreferDirect: false
15/Oct/2017 15:31:34,080- PlatformDependent: io.netty.maxDirectMemory: 2777677824 bytes
15/Oct/2017 15:31:34,098- NioEventLoop: -Dio.netty.noKeySetOptimization: false
15/Oct/2017 15:31:34,099- NioEventLoop: -Dio.netty.selectorAutoRebuildThreshold: 512
15/Oct/2017 15:31:34,100- PlatformDependent: org.jctools-core.MpscChunkedArrayQueue: available
15/Oct/2017 15:31:34,145- DnsServerAddresses: Default DNS servers: [/127.0.1.1:53] (sun.net.dns.ResolverConfiguration)
15/Oct/2017 15:31:34,150- NetUtil: -Djava.net.preferIPv4Stack: false
15/Oct/2017 15:31:34,150- NetUtil: -Djava.net.preferIPv6Addresses: false
15/Oct/2017 15:31:34,152- NetUtil: Loopback interface: lo (lo, 0:0:0:0:0:0:0:1%lo)
15/Oct/2017 15:31:34,153- NetUtil: /proc/sys/net/core/somaxconn: 128
15/Oct/2017 16:25:20,838- InternalLoggerFactory: Using SLF4J as the default logging framework
15/Oct/2017 16:25:20,848- ResourceLeakDetector: -Dio.netty.leakDetection.level: simple
15/Oct/2017 16:25:20,848- ResourceLeakDetector: -Dio.netty.leakDetection.maxRecords: 4
15/Oct/2017 16:25:20,863- MultithreadEventLoopGroup: -Dio.netty.eventLoopThreads: 8
15/Oct/2017 16:25:20,892- PlatformDependent: -Dio.netty.noUnsafe: false
15/Oct/2017 16:25:20,893- PlatformDependent0: java.nio.Buffer.address: available
15/Oct/2017 16:25:20,894- PlatformDependent0: sun.misc.Unsafe.theUnsafe: available
15/Oct/2017 16:25:20,895- PlatformDependent0: sun.misc.Unsafe.copyMemory: available
15/Oct/2017 16:25:20,895- PlatformDependent0: direct buffer constructor: available
15/Oct/2017 16:25:20,896- PlatformDependent0: java.nio.Bits.unaligned: available, true
15/Oct/2017 16:25:20,896- PlatformDependent0: java.nio.DirectByteBuffer.<init>(long, int): available
15/Oct/2017 16:25:20,897- Cleaner0: java.nio.ByteBuffer.cleaner(): available
15/Oct/2017 16:25:20,897- PlatformDependent: Java version: 8
15/Oct/2017 16:25:20,898- PlatformDependent: sun.misc.Unsafe: available
15/Oct/2017 16:25:20,898- PlatformDependent: -Dio.netty.noJavassist: false
15/Oct/2017 16:25:20,899- PlatformDependent: Javassist: unavailable
15/Oct/2017 16:25:20,899- PlatformDependent: You don't have Javassist in your class path or you don't have enough permission to load dynamically generated classes.  Please check the configuration for better performance.
15/Oct/2017 16:25:20,899- PlatformDependent: -Dio.netty.tmpdir: /tmp (java.io.tmpdir)
15/Oct/2017 16:25:20,900- PlatformDependent: -Dio.netty.bitMode: 64 (sun.arch.data.model)
15/Oct/2017 16:25:20,900- PlatformDependent: -Dio.netty.noPreferDirect: false
15/Oct/2017 16:25:20,900- PlatformDependent: io.netty.maxDirectMemory: 2777677824 bytes
15/Oct/2017 16:25:20,912- NioEventLoop: -Dio.netty.noKeySetOptimization: false
15/Oct/2017 16:25:20,912- NioEventLoop: -Dio.netty.selectorAutoRebuildThreshold: 512
15/Oct/2017 16:25:20,913- PlatformDependent: org.jctools-core.MpscChunkedArrayQueue: available
15/Oct/2017 16:25:20,961- DnsServerAddresses: Default DNS servers: [/127.0.1.1:53] (sun.net.dns.ResolverConfiguration)
15/Oct/2017 16:25:20,967- NetUtil: -Djava.net.preferIPv4Stack: false
15/Oct/2017 16:25:20,968- NetUtil: -Djava.net.preferIPv6Addresses: false
15/Oct/2017 16:25:20,969- NetUtil: Loopback interface: lo (lo, 0:0:0:0:0:0:0:1%lo)
15/Oct/2017 16:25:20,970- NetUtil: /proc/sys/net/core/somaxconn: 128
15/Oct/2017 16:41:21,180- InternalLoggerFactory: Using SLF4J as the default logging framework
15/Oct/2017 16:41:21,189- ResourceLeakDetector: -Dio.netty.leakDetection.level: simple
15/Oct/2017 16:41:21,189- ResourceLeakDetector: -Dio.netty.leakDetection.maxRecords: 4
15/Oct/2017 16:41:21,201- MultithreadEventLoopGroup: -Dio.netty.eventLoopThreads: 8
15/Oct/2017 16:41:21,227- PlatformDependent: -Dio.netty.noUnsafe: false
15/Oct/2017 16:41:21,229- PlatformDependent0: java.nio.Buffer.address: available
15/Oct/2017 16:41:21,231- PlatformDependent0: sun.misc.Unsafe.theUnsafe: available
15/Oct/2017 16:41:21,232- PlatformDependent0: sun.misc.Unsafe.copyMemory: available
15/Oct/2017 16:41:21,234- PlatformDependent0: direct buffer constructor: available
15/Oct/2017 16:41:21,236- PlatformDependent0: java.nio.Bits.unaligned: available, true
15/Oct/2017 16:41:21,236- PlatformDependent0: java.nio.DirectByteBuffer.<init>(long, int): available
15/Oct/2017 16:41:21,238- Cleaner0: java.nio.ByteBuffer.cleaner(): available
15/Oct/2017 16:41:21,239- PlatformDependent: Java version: 8
15/Oct/2017 16:41:21,240- PlatformDependent: sun.misc.Unsafe: available
15/Oct/2017 16:41:21,241- PlatformDependent: -Dio.netty.noJavassist: false
15/Oct/2017 16:41:21,242- PlatformDependent: Javassist: unavailable
15/Oct/2017 16:41:21,243- PlatformDependent: You don't have Javassist in your class path or you don't have enough permission to load dynamically generated classes.  Please check the configuration for better performance.
15/Oct/2017 16:41:21,243- PlatformDependent: -Dio.netty.tmpdir: /tmp (java.io.tmpdir)
15/Oct/2017 16:41:21,244- PlatformDependent: -Dio.netty.bitMode: 64 (sun.arch.data.model)
15/Oct/2017 16:41:21,247- PlatformDependent: -Dio.netty.noPreferDirect: false
15/Oct/2017 16:41:21,247- PlatformDependent: io.netty.maxDirectMemory: 2777677824 bytes
15/Oct/2017 16:41:21,265- NioEventLoop: -Dio.netty.noKeySetOptimization: false
15/Oct/2017 16:41:21,266- NioEventLoop: -Dio.netty.selectorAutoRebuildThreshold: 512
15/Oct/2017 16:41:21,268- PlatformDependent: org.jctools-core.MpscChunkedArrayQueue: available
15/Oct/2017 16:41:21,307- DnsServerAddresses: Default DNS servers: [/127.0.1.1:53] (sun.net.dns.ResolverConfiguration)
15/Oct/2017 16:41:21,313- NetUtil: -Djava.net.preferIPv4Stack: false
15/Oct/2017 16:41:21,313- NetUtil: -Djava.net.preferIPv6Addresses: false
15/Oct/2017 16:41:21,314- NetUtil: Loopback interface: lo (lo, 0:0:0:0:0:0:0:1%lo)
15/Oct/2017 16:41:21,315- NetUtil: /proc/sys/net/core/somaxconn: 128
15/Oct/2017 16:42:53,744- InternalLoggerFactory: Using SLF4J as the default logging framework
15/Oct/2017 16:42:53,750- ResourceLeakDetector: -Dio.netty.leakDetection.level: simple
15/Oct/2017 16:42:53,750- ResourceLeakDetector: -Dio.netty.leakDetection.maxRecords: 4
15/Oct/2017 16:42:53,763- MultithreadEventLoopGroup: -Dio.netty.eventLoopThreads: 8
15/Oct/2017 16:42:53,790- PlatformDependent: -Dio.netty.noUnsafe: false
15/Oct/2017 16:42:53,793- PlatformDependent0: java.nio.Buffer.address: available
15/Oct/2017 16:42:53,793- PlatformDependent0: sun.misc.Unsafe.theUnsafe: available
15/Oct/2017 16:42:53,795- PlatformDependent0: sun.misc.Unsafe.copyMemory: available
15/Oct/2017 16:42:53,795- PlatformDependent0: direct buffer constructor: available
15/Oct/2017 16:42:53,796- PlatformDependent0: java.nio.Bits.unaligned: available, true
15/Oct/2017 16:42:53,797- PlatformDependent0: java.nio.DirectByteBuffer.<init>(long, int): available
15/Oct/2017 16:42:53,799- Cleaner0: java.nio.ByteBuffer.cleaner(): available
15/Oct/2017 16:42:53,800- PlatformDependent: Java version: 8
15/Oct/2017 16:42:53,801- PlatformDependent: sun.misc.Unsafe: available
15/Oct/2017 16:42:53,801- PlatformDependent: -Dio.netty.noJavassist: false
15/Oct/2017 16:42:53,803- PlatformDependent: Javassist: unavailable
15/Oct/2017 16:42:53,803- PlatformDependent: You don't have Javassist in your class path or you don't have enough permission to load dynamically generated classes.  Please check the configuration for better performance.
15/Oct/2017 16:42:53,804- PlatformDependent: -Dio.netty.tmpdir: /tmp (java.io.tmpdir)
15/Oct/2017 16:42:53,805- PlatformDependent: -Dio.netty.bitMode: 64 (sun.arch.data.model)
15/Oct/2017 16:42:53,806- PlatformDependent: -Dio.netty.noPreferDirect: false
15/Oct/2017 16:42:53,806- PlatformDependent: io.netty.maxDirectMemory: 2777677824 bytes
15/Oct/2017 16:42:53,824- NioEventLoop: -Dio.netty.noKeySetOptimization: false
15/Oct/2017 16:42:53,824- NioEventLoop: -Dio.netty.selectorAutoRebuildThreshold: 512
15/Oct/2017 16:42:53,826- PlatformDependent: org.jctools-core.MpscChunkedArrayQueue: available
15/Oct/2017 16:42:53,869- DnsServerAddresses: Default DNS servers: [/127.0.1.1:53] (sun.net.dns.ResolverConfiguration)
15/Oct/2017 16:42:53,875- NetUtil: -Djava.net.preferIPv4Stack: false
15/Oct/2017 16:42:53,875- NetUtil: -Djava.net.preferIPv6Addresses: false
15/Oct/2017 16:42:53,876- NetUtil: Loopback interface: lo (lo, 0:0:0:0:0:0:0:1%lo)
15/Oct/2017 16:42:53,877- NetUtil: /proc/sys/net/core/somaxconn: 128
15/Oct/2017 16:47:26,632- InternalLoggerFactory: Using SLF4J as the default logging framework
15/Oct/2017 16:47:26,638- ResourceLeakDetector: -Dio.netty.leakDetection.level: simple
15/Oct/2017 16:47:26,639- ResourceLeakDetector: -Dio.netty.leakDetection.maxRecords: 4
15/Oct/2017 16:47:26,649- MultithreadEventLoopGroup: -Dio.netty.eventLoopThreads: 8
15/Oct/2017 16:47:26,669- PlatformDependent: -Dio.netty.noUnsafe: false
15/Oct/2017 16:47:26,672- PlatformDependent0: java.nio.Buffer.address: available
15/Oct/2017 16:47:26,672- PlatformDependent0: sun.misc.Unsafe.theUnsafe: available
15/Oct/2017 16:47:26,673- PlatformDependent0: sun.misc.Unsafe.copyMemory: available
15/Oct/2017 16:47:26,674- PlatformDependent0: direct buffer constructor: available
15/Oct/2017 16:47:26,675- PlatformDependent0: java.nio.Bits.unaligned: available, true
15/Oct/2017 16:47:26,676- PlatformDependent0: java.nio.DirectByteBuffer.<init>(long, int): available
15/Oct/2017 16:47:26,677- Cleaner0: java.nio.ByteBuffer.cleaner(): available
15/Oct/2017 16:47:26,678- PlatformDependent: Java version: 8
15/Oct/2017 16:47:26,678- PlatformDependent: sun.misc.Unsafe: available
15/Oct/2017 16:47:26,679- PlatformDependent: -Dio.netty.noJavassist: false
15/Oct/2017 16:47:26,680- PlatformDependent: Javassist: unavailable
15/Oct/2017 16:47:26,680- PlatformDependent: You don't have Javassist in your class path or you don't have enough permission to load dynamically generated classes.  Please check the configuration for better performance.
15/Oct/2017 16:47:26,681- PlatformDependent: -Dio.netty.tmpdir: /tmp (java.io.tmpdir)
15/Oct/2017 16:47:26,681- PlatformDependent: -Dio.netty.bitMode: 64 (sun.arch.data.model)
15/Oct/2017 16:47:26,682- PlatformDependent: -Dio.netty.noPreferDirect: false
15/Oct/2017 16:47:26,682- PlatformDependent: io.netty.maxDirectMemory: 2777677824 bytes
15/Oct/2017 16:47:26,696- NioEventLoop: -Dio.netty.noKeySetOptimization: false
15/Oct/2017 16:47:26,696- NioEventLoop: -Dio.netty.selectorAutoRebuildThreshold: 512
15/Oct/2017 16:47:26,698- PlatformDependent: org.jctools-core.MpscChunkedArrayQueue: available
15/Oct/2017 16:47:26,735- DnsServerAddresses: Default DNS servers: [/127.0.1.1:53] (sun.net.dns.ResolverConfiguration)
15/Oct/2017 16:47:26,742- NetUtil: -Djava.net.preferIPv4Stack: false
15/Oct/2017 16:47:26,743- NetUtil: -Djava.net.preferIPv6Addresses: false
15/Oct/2017 16:47:26,745- NetUtil: Loopback interface: lo (lo, 0:0:0:0:0:0:0:1%lo)
15/Oct/2017 16:47:26,746- NetUtil: /proc/sys/net/core/somaxconn: 128
15/Oct/2017 16:48:23,622- InternalLoggerFactory: Using SLF4J as the default logging framework
15/Oct/2017 16:48:23,630- ResourceLeakDetector: -Dio.netty.leakDetection.level: simple
15/Oct/2017 16:48:23,631- ResourceLeakDetector: -Dio.netty.leakDetection.maxRecords: 4
15/Oct/2017 16:48:23,665- MultithreadEventLoopGroup: -Dio.netty.eventLoopThreads: 8
15/Oct/2017 16:48:23,727- PlatformDependent: -Dio.netty.noUnsafe: false
15/Oct/2017 16:48:23,731- PlatformDependent0: java.nio.Buffer.address: available
15/Oct/2017 16:48:23,732- PlatformDependent0: sun.misc.Unsafe.theUnsafe: available
15/Oct/2017 16:48:23,735- PlatformDependent0: sun.misc.Unsafe.copyMemory: available
15/Oct/2017 16:48:23,737- PlatformDependent0: direct buffer constructor: available
15/Oct/2017 16:48:23,738- PlatformDependent0: java.nio.Bits.unaligned: available, true
15/Oct/2017 16:48:23,739- PlatformDependent0: java.nio.DirectByteBuffer.<init>(long, int): available
15/Oct/2017 16:48:23,741- Cleaner0: java.nio.ByteBuffer.cleaner(): available
15/Oct/2017 16:48:23,742- PlatformDependent: Java version: 8
15/Oct/2017 16:48:23,751- PlatformDependent: sun.misc.Unsafe: available
15/Oct/2017 16:48:23,751- PlatformDependent: -Dio.netty.noJavassist: false
15/Oct/2017 16:48:23,756- PlatformDependent: Javassist: unavailable
15/Oct/2017 16:48:23,756- PlatformDependent: You don't have Javassist in your class path or you don't have enough permission to load dynamically generated classes.  Please check the configuration for better performance.
15/Oct/2017 16:48:23,757- PlatformDependent: -Dio.netty.tmpdir: /tmp (java.io.tmpdir)
15/Oct/2017 16:48:23,757- PlatformDependent: -Dio.netty.bitMode: 64 (sun.arch.data.model)
15/Oct/2017 16:48:23,757- PlatformDependent: -Dio.netty.noPreferDirect: false
15/Oct/2017 16:48:23,758- PlatformDependent: io.netty.maxDirectMemory: 2777677824 bytes
15/Oct/2017 16:48:23,785- NioEventLoop: -Dio.netty.noKeySetOptimization: false
15/Oct/2017 16:48:23,786- NioEventLoop: -Dio.netty.selectorAutoRebuildThreshold: 512
15/Oct/2017 16:48:23,788- PlatformDependent: org.jctools-core.MpscChunkedArrayQueue: available
15/Oct/2017 16:48:23,852- DnsServerAddresses: Default DNS servers: [/127.0.1.1:53] (sun.net.dns.ResolverConfiguration)
15/Oct/2017 16:48:23,860- NetUtil: -Djava.net.preferIPv4Stack: false
15/Oct/2017 16:48:23,860- NetUtil: -Djava.net.preferIPv6Addresses: false
15/Oct/2017 16:48:23,862- NetUtil: Loopback interface: lo (lo, 0:0:0:0:0:0:0:1%lo)
15/Oct/2017 16:48:23,863- NetUtil: /proc/sys/net/core/somaxconn: 128
15/Oct/2017 16:58:54,751- InternalLoggerFactory: Using SLF4J as the default logging framework
15/Oct/2017 16:58:54,760- ResourceLeakDetector: -Dio.netty.leakDetection.level: simple
15/Oct/2017 16:58:54,760- ResourceLeakDetector: -Dio.netty.leakDetection.maxRecords: 4
15/Oct/2017 16:58:54,777- MultithreadEventLoopGroup: -Dio.netty.eventLoopThreads: 8
15/Oct/2017 16:58:54,802- PlatformDependent: -Dio.netty.noUnsafe: false
15/Oct/2017 16:58:54,804- PlatformDependent0: java.nio.Buffer.address: available
15/Oct/2017 16:58:54,805- PlatformDependent0: sun.misc.Unsafe.theUnsafe: available
15/Oct/2017 16:58:54,807- PlatformDependent0: sun.misc.Unsafe.copyMemory: available
15/Oct/2017 16:58:54,808- PlatformDependent0: direct buffer constructor: available
15/Oct/2017 16:58:54,809- PlatformDependent0: java.nio.Bits.unaligned: available, true
15/Oct/2017 16:58:54,810- PlatformDependent0: java.nio.DirectByteBuffer.<init>(long, int): available
15/Oct/2017 16:58:54,813- Cleaner0: java.nio.ByteBuffer.cleaner(): available
15/Oct/2017 16:58:54,814- PlatformDependent: Java version: 8
15/Oct/2017 16:58:54,814- PlatformDependent: sun.misc.Unsafe: available
15/Oct/2017 16:58:54,815- PlatformDependent: -Dio.netty.noJavassist: false
15/Oct/2017 16:58:54,816- PlatformDependent: Javassist: unavailable
15/Oct/2017 16:58:54,817- PlatformDependent: You don't have Javassist in your class path or you don't have enough permission to load dynamically generated classes.  Please check the configuration for better performance.
15/Oct/2017 16:58:54,818- PlatformDependent: -Dio.netty.tmpdir: /tmp (java.io.tmpdir)
15/Oct/2017 16:58:54,818- PlatformDependent: -Dio.netty.bitMode: 64 (sun.arch.data.model)
15/Oct/2017 16:58:54,819- PlatformDependent: -Dio.netty.noPreferDirect: false
15/Oct/2017 16:58:54,819- PlatformDependent: io.netty.maxDirectMemory: 2777677824 bytes
15/Oct/2017 16:58:54,838- NioEventLoop: -Dio.netty.noKeySetOptimization: false
15/Oct/2017 16:58:54,839- NioEventLoop: -Dio.netty.selectorAutoRebuildThreshold: 512
15/Oct/2017 16:58:54,841- PlatformDependent: org.jctools-core.MpscChunkedArrayQueue: available
15/Oct/2017 16:58:54,876- DnsServerAddresses: Default DNS servers: [/127.0.1.1:53] (sun.net.dns.ResolverConfiguration)
15/Oct/2017 16:58:54,882- NetUtil: -Djava.net.preferIPv4Stack: false
15/Oct/2017 16:58:54,882- NetUtil: -Djava.net.preferIPv6Addresses: false
15/Oct/2017 16:58:54,884- NetUtil: Loopback interface: lo (lo, 0:0:0:0:0:0:0:1%lo)
15/Oct/2017 16:58:54,884- NetUtil: /proc/sys/net/core/somaxconn: 128
15/Oct/2017 17:01:00,429- InternalLoggerFactory: Using SLF4J as the default logging framework
15/Oct/2017 17:01:00,436- ResourceLeakDetector: -Dio.netty.leakDetection.level: simple
15/Oct/2017 17:01:00,436- ResourceLeakDetector: -Dio.netty.leakDetection.maxRecords: 4
15/Oct/2017 17:01:00,449- MultithreadEventLoopGroup: -Dio.netty.eventLoopThreads: 8
15/Oct/2017 17:01:00,472- PlatformDependent: -Dio.netty.noUnsafe: false
15/Oct/2017 17:01:00,474- PlatformDependent0: java.nio.Buffer.address: available
15/Oct/2017 17:01:00,475- PlatformDependent0: sun.misc.Unsafe.theUnsafe: available
15/Oct/2017 17:01:00,476- PlatformDependent0: sun.misc.Unsafe.copyMemory: available
15/Oct/2017 17:01:00,476- PlatformDependent0: direct buffer constructor: available
15/Oct/2017 17:01:00,477- PlatformDependent0: java.nio.Bits.unaligned: available, true
15/Oct/2017 17:01:00,478- PlatformDependent0: java.nio.DirectByteBuffer.<init>(long, int): available
15/Oct/2017 17:01:00,479- Cleaner0: java.nio.ByteBuffer.cleaner(): available
15/Oct/2017 17:01:00,480- PlatformDependent: Java version: 8
15/Oct/2017 17:01:00,480- PlatformDependent: sun.misc.Unsafe: available
15/Oct/2017 17:01:00,480- PlatformDependent: -Dio.netty.noJavassist: false
15/Oct/2017 17:01:00,481- PlatformDependent: Javassist: unavailable
15/Oct/2017 17:01:00,481- PlatformDependent: You don't have Javassist in your class path or you don't have enough permission to load dynamically generated classes.  Please check the configuration for better performance.
15/Oct/2017 17:01:00,482- PlatformDependent: -Dio.netty.tmpdir: /tmp (java.io.tmpdir)
15/Oct/2017 17:01:00,482- PlatformDependent: -Dio.netty.bitMode: 64 (sun.arch.data.model)
15/Oct/2017 17:01:00,482- PlatformDependent: -Dio.netty.noPreferDirect: false
15/Oct/2017 17:01:00,482- PlatformDependent: io.netty.maxDirectMemory: 2777677824 bytes
15/Oct/2017 17:01:00,499- NioEventLoop: -Dio.netty.noKeySetOptimization: false
15/Oct/2017 17:01:00,499- NioEventLoop: -Dio.netty.selectorAutoRebuildThreshold: 512
15/Oct/2017 17:01:00,501- PlatformDependent: org.jctools-core.MpscChunkedArrayQueue: available
15/Oct/2017 17:01:00,540- DnsServerAddresses: Default DNS servers: [/127.0.1.1:53] (sun.net.dns.ResolverConfiguration)
15/Oct/2017 17:01:00,545- NetUtil: -Djava.net.preferIPv4Stack: false
15/Oct/2017 17:01:00,546- NetUtil: -Djava.net.preferIPv6Addresses: false
15/Oct/2017 17:01:00,547- NetUtil: Loopback interface: lo (lo, 0:0:0:0:0:0:0:1%lo)
15/Oct/2017 17:01:00,547- NetUtil: /proc/sys/net/core/somaxconn: 128
